{"total": {"lines":{"total":17738,"covered":4055,"skipped":0,"pct":22.86},"statements":{"total":17738,"covered":4055,"skipped":0,"pct":22.86},"functions":{"total":261,"covered":116,"skipped":0,"pct":44.44},"branches":{"total":441,"covered":304,"skipped":0,"pct":68.93},"branchesTrue":{"total":0,"covered":0,"skipped":0,"pct":100}}
,"D:\\Nuxt Projects\\new-portfolio\\client\\App-new.tsx": {"lines":{"total":202,"covered":0,"skipped":0,"pct":0},"functions":{"total":1,"covered":0,"skipped":0,"pct":0},"statements":{"total":202,"covered":0,"skipped":0,"pct":0},"branches":{"total":1,"covered":0,"skipped":0,"pct":0}}
,"D:\\Nuxt Projects\\new-portfolio\\client\\App.tsx": {"lines":{"total":39,"covered":39,"skipped":0,"pct":100},"functions":{"total":1,"covered":1,"skipped":0,"pct":100},"statements":{"total":39,"covered":39,"skipped":0,"pct":100},"branches":{"total":11,"covered":11,"skipped":0,"pct":100}}
,"D:\\Nuxt Projects\\new-portfolio\\client\\components\\AIAssistant.tsx": {"lines":{"total":306,"covered":0,"skipped":0,"pct":0},"functions":{"total":1,"covered":0,"skipped":0,"pct":0},"statements":{"total":306,"covered":0,"skipped":0,"pct":0},"branches":{"total":1,"covered":0,"skipped":0,"pct":0}}
,"D:\\Nuxt Projects\\new-portfolio\\client\\components\\AIBrain.tsx": {"lines":{"total":98,"covered":98,"skipped":0,"pct":100},"functions":{"total":1,"covered":1,"skipped":0,"pct":100},"statements":{"total":98,"covered":98,"skipped":0,"pct":100},"branches":{"total":1,"covered":1,"skipped":0,"pct":100}}
,"D:\\Nuxt Projects\\new-portfolio\\client\\components\\AccessibilityEnhancer.tsx": {"lines":{"total":445,"covered":0,"skipped":0,"pct":0},"functions":{"total":1,"covered":0,"skipped":0,"pct":0},"statements":{"total":445,"covered":0,"skipped":0,"pct":0},"branches":{"total":1,"covered":0,"skipped":0,"pct":0}}
,"D:\\Nuxt Projects\\new-portfolio\\client\\components\\Activity.tsx": {"lines":{"total":156,"covered":149,"skipped":0,"pct":95.51},"functions":{"total":9,"covered":7,"skipped":0,"pct":77.77},"statements":{"total":156,"covered":149,"skipped":0,"pct":95.51},"branches":{"total":46,"covered":44,"skipped":0,"pct":95.65}}
,"D:\\Nuxt Projects\\new-portfolio\\client\\components\\AnimatedSection.tsx": {"lines":{"total":56,"covered":41,"skipped":0,"pct":73.21},"functions":{"total":3,"covered":2,"skipped":0,"pct":66.66},"statements":{"total":56,"covered":41,"skipped":0,"pct":73.21},"branches":{"total":8,"covered":2,"skipped":0,"pct":25}}
,"D:\\Nuxt Projects\\new-portfolio\\client\\components\\CircuitBackground.tsx": {"lines":{"total":169,"covered":169,"skipped":0,"pct":100},"functions":{"total":1,"covered":1,"skipped":0,"pct":100},"statements":{"total":169,"covered":169,"skipped":0,"pct":100},"branches":{"total":1,"covered":1,"skipped":0,"pct":100}}
,"D:\\Nuxt Projects\\new-portfolio\\client\\components\\DynamicMetadata.tsx": {"lines":{"total":267,"covered":0,"skipped":0,"pct":0},"functions":{"total":1,"covered":0,"skipped":0,"pct":0},"statements":{"total":267,"covered":0,"skipped":0,"pct":0},"branches":{"total":1,"covered":0,"skipped":0,"pct":0}}
,"D:\\Nuxt Projects\\new-portfolio\\client\\components\\ErrorBoundary.tsx": {"lines":{"total":69,"covered":0,"skipped":0,"pct":0},"functions":{"total":1,"covered":0,"skipped":0,"pct":0},"statements":{"total":69,"covered":0,"skipped":0,"pct":0},"branches":{"total":1,"covered":0,"skipped":0,"pct":0}}
,"D:\\Nuxt Projects\\new-portfolio\\client\\components\\GoogleAnalytics.tsx": {"lines":{"total":311,"covered":0,"skipped":0,"pct":0},"functions":{"total":1,"covered":0,"skipped":0,"pct":0},"statements":{"total":311,"covered":0,"skipped":0,"pct":0},"branches":{"total":1,"covered":0,"skipped":0,"pct":0}}
,"D:\\Nuxt Projects\\new-portfolio\\client\\components\\HoverAnimations.tsx": {"lines":{"total":43,"covered":43,"skipped":0,"pct":100},"functions":{"total":3,"covered":3,"skipped":0,"pct":100},"statements":{"total":43,"covered":43,"skipped":0,"pct":100},"branches":{"total":3,"covered":3,"skipped":0,"pct":100}}
,"D:\\Nuxt Projects\\new-portfolio\\client\\components\\Interactive3DDemo.tsx": {"lines":{"total":476,"covered":0,"skipped":0,"pct":0},"functions":{"total":1,"covered":0,"skipped":0,"pct":0},"statements":{"total":476,"covered":0,"skipped":0,"pct":0},"branches":{"total":1,"covered":0,"skipped":0,"pct":0}}
,"D:\\Nuxt Projects\\new-portfolio\\client\\components\\LinkPreview.tsx": {"lines":{"total":263,"covered":0,"skipped":0,"pct":0},"functions":{"total":1,"covered":0,"skipped":0,"pct":0},"statements":{"total":263,"covered":0,"skipped":0,"pct":0},"branches":{"total":1,"covered":0,"skipped":0,"pct":0}}
,"D:\\Nuxt Projects\\new-portfolio\\client\\components\\LoadingAnimations.tsx": {"lines":{"total":101,"covered":101,"skipped":0,"pct":100},"functions":{"total":3,"covered":3,"skipped":0,"pct":100},"statements":{"total":101,"covered":101,"skipped":0,"pct":100},"branches":{"total":3,"covered":3,"skipped":0,"pct":100}}
,"D:\\Nuxt Projects\\new-portfolio\\client\\components\\Logo.tsx": {"lines":{"total":21,"covered":21,"skipped":0,"pct":100},"functions":{"total":1,"covered":1,"skipped":0,"pct":100},"statements":{"total":21,"covered":21,"skipped":0,"pct":100},"branches":{"total":1,"covered":1,"skipped":0,"pct":100}}
,"D:\\Nuxt Projects\\new-portfolio\\client\\components\\Navigation.tsx": {"lines":{"total":63,"covered":63,"skipped":0,"pct":100},"functions":{"total":4,"covered":4,"skipped":0,"pct":100},"statements":{"total":63,"covered":63,"skipped":0,"pct":100},"branches":{"total":7,"covered":7,"skipped":0,"pct":100}}
,"D:\\Nuxt Projects\\new-portfolio\\client\\components\\NotificationButton.tsx": {"lines":{"total":192,"covered":76,"skipped":0,"pct":39.58},"functions":{"total":6,"covered":2,"skipped":0,"pct":33.33},"statements":{"total":192,"covered":76,"skipped":0,"pct":39.58},"branches":{"total":17,"covered":5,"skipped":0,"pct":29.41}}
,"D:\\Nuxt Projects\\new-portfolio\\client\\components\\OptimizedImage.tsx": {"lines":{"total":109,"covered":0,"skipped":0,"pct":0},"functions":{"total":1,"covered":0,"skipped":0,"pct":0},"statements":{"total":109,"covered":0,"skipped":0,"pct":0},"branches":{"total":1,"covered":0,"skipped":0,"pct":0}}
,"D:\\Nuxt Projects\\new-portfolio\\client\\components\\PWAInstallButton.tsx": {"lines":{"total":122,"covered":0,"skipped":0,"pct":0},"functions":{"total":1,"covered":0,"skipped":0,"pct":0},"statements":{"total":122,"covered":0,"skipped":0,"pct":0},"branches":{"total":1,"covered":0,"skipped":0,"pct":0}}
,"D:\\Nuxt Projects\\new-portfolio\\client\\components\\PWAUpdateNotification.tsx": {"lines":{"total":111,"covered":0,"skipped":0,"pct":0},"functions":{"total":1,"covered":0,"skipped":0,"pct":0},"statements":{"total":111,"covered":0,"skipped":0,"pct":0},"branches":{"total":1,"covered":0,"skipped":0,"pct":0}}
,"D:\\Nuxt Projects\\new-portfolio\\client\\components\\PageTransition.tsx": {"lines":{"total":26,"covered":0,"skipped":0,"pct":0},"functions":{"total":1,"covered":0,"skipped":0,"pct":0},"statements":{"total":26,"covered":0,"skipped":0,"pct":0},"branches":{"total":1,"covered":0,"skipped":0,"pct":0}}
,"D:\\Nuxt Projects\\new-portfolio\\client\\components\\PerformanceDashboard.tsx": {"lines":{"total":273,"covered":0,"skipped":0,"pct":0},"functions":{"total":1,"covered":0,"skipped":0,"pct":0},"statements":{"total":273,"covered":0,"skipped":0,"pct":0},"branches":{"total":1,"covered":0,"skipped":0,"pct":0}}
,"D:\\Nuxt Projects\\new-portfolio\\client\\components\\PerformanceMonitor.tsx": {"lines":{"total":271,"covered":0,"skipped":0,"pct":0},"functions":{"total":1,"covered":0,"skipped":0,"pct":0},"statements":{"total":271,"covered":0,"skipped":0,"pct":0},"branches":{"total":1,"covered":0,"skipped":0,"pct":0}}
,"D:\\Nuxt Projects\\new-portfolio\\client\\components\\PerformanceOptimizer.tsx": {"lines":{"total":218,"covered":0,"skipped":0,"pct":0},"functions":{"total":1,"covered":0,"skipped":0,"pct":0},"statements":{"total":218,"covered":0,"skipped":0,"pct":0},"branches":{"total":1,"covered":0,"skipped":0,"pct":0}}
,"D:\\Nuxt Projects\\new-portfolio\\client\\components\\PerformanceTester.tsx": {"lines":{"total":233,"covered":0,"skipped":0,"pct":0},"functions":{"total":1,"covered":0,"skipped":0,"pct":0},"statements":{"total":233,"covered":0,"skipped":0,"pct":0},"branches":{"total":1,"covered":0,"skipped":0,"pct":0}}
,"D:\\Nuxt Projects\\new-portfolio\\client\\components\\PushNotificationTester.tsx": {"lines":{"total":429,"covered":0,"skipped":0,"pct":0},"functions":{"total":1,"covered":0,"skipped":0,"pct":0},"statements":{"total":429,"covered":0,"skipped":0,"pct":0},"branches":{"total":1,"covered":0,"skipped":0,"pct":0}}
,"D:\\Nuxt Projects\\new-portfolio\\client\\components\\RealtimeTest.tsx": {"lines":{"total":158,"covered":0,"skipped":0,"pct":0},"functions":{"total":1,"covered":0,"skipped":0,"pct":0},"statements":{"total":158,"covered":0,"skipped":0,"pct":0},"branches":{"total":1,"covered":0,"skipped":0,"pct":0}}
,"D:\\Nuxt Projects\\new-portfolio\\client\\components\\ResourcePreloader.tsx": {"lines":{"total":100,"covered":0,"skipped":0,"pct":0},"functions":{"total":1,"covered":0,"skipped":0,"pct":0},"statements":{"total":100,"covered":0,"skipped":0,"pct":0},"branches":{"total":1,"covered":0,"skipped":0,"pct":0}}
,"D:\\Nuxt Projects\\new-portfolio\\client\\components\\SearchableProjects.tsx": {"lines":{"total":351,"covered":0,"skipped":0,"pct":0},"functions":{"total":1,"covered":0,"skipped":0,"pct":0},"statements":{"total":351,"covered":0,"skipped":0,"pct":0},"branches":{"total":1,"covered":0,"skipped":0,"pct":0}}
,"D:\\Nuxt Projects\\new-portfolio\\client\\components\\Skeleton.tsx": {"lines":{"total":77,"covered":77,"skipped":0,"pct":100},"functions":{"total":6,"covered":6,"skipped":0,"pct":100},"statements":{"total":77,"covered":77,"skipped":0,"pct":100},"branches":{"total":10,"covered":10,"skipped":0,"pct":100}}
,"D:\\Nuxt Projects\\new-portfolio\\client\\components\\StructuredData.tsx": {"lines":{"total":230,"covered":0,"skipped":0,"pct":0},"functions":{"total":1,"covered":0,"skipped":0,"pct":0},"statements":{"total":230,"covered":0,"skipped":0,"pct":0},"branches":{"total":1,"covered":0,"skipped":0,"pct":0}}
,"D:\\Nuxt Projects\\new-portfolio\\client\\components\\ThemeProvider.tsx": {"lines":{"total":83,"covered":79,"skipped":0,"pct":95.18},"functions":{"total":5,"covered":4,"skipped":0,"pct":80},"statements":{"total":83,"covered":79,"skipped":0,"pct":95.18},"branches":{"total":24,"covered":19,"skipped":0,"pct":79.16}}
,"D:\\Nuxt Projects\\new-portfolio\\client\\components\\ThemeToggle.tsx": {"lines":{"total":24,"covered":24,"skipped":0,"pct":100},"functions":{"total":4,"covered":1,"skipped":0,"pct":25},"statements":{"total":24,"covered":24,"skipped":0,"pct":100},"branches":{"total":1,"covered":1,"skipped":0,"pct":100}}
,"D:\\Nuxt Projects\\new-portfolio\\client\\components\\ThemeToggleButton.tsx": {"lines":{"total":87,"covered":0,"skipped":0,"pct":0},"functions":{"total":1,"covered":0,"skipped":0,"pct":0},"statements":{"total":87,"covered":0,"skipped":0,"pct":0},"branches":{"total":1,"covered":0,"skipped":0,"pct":0}}
,"D:\\Nuxt Projects\\new-portfolio\\client\\components\\ViewTransitionWrapper.tsx": {"lines":{"total":138,"covered":0,"skipped":0,"pct":0},"functions":{"total":1,"covered":0,"skipped":0,"pct":0},"statements":{"total":138,"covered":0,"skipped":0,"pct":0},"branches":{"total":1,"covered":0,"skipped":0,"pct":0}}
,"D:\\Nuxt Projects\\new-portfolio\\client\\components\\VoiceCommandButton.tsx": {"lines":{"total":211,"covered":0,"skipped":0,"pct":0},"functions":{"total":1,"covered":0,"skipped":0,"pct":0},"statements":{"total":211,"covered":0,"skipped":0,"pct":0},"branches":{"total":1,"covered":0,"skipped":0,"pct":0}}
,"D:\\Nuxt Projects\\new-portfolio\\client\\components\\agents\\AgentBuilder.tsx": {"lines":{"total":262,"covered":0,"skipped":0,"pct":0},"functions":{"total":1,"covered":0,"skipped":0,"pct":0},"statements":{"total":262,"covered":0,"skipped":0,"pct":0},"branches":{"total":1,"covered":0,"skipped":0,"pct":0}}
,"D:\\Nuxt Projects\\new-portfolio\\client\\components\\agents\\TemplateCreator.tsx": {"lines":{"total":429,"covered":0,"skipped":0,"pct":0},"functions":{"total":1,"covered":0,"skipped":0,"pct":0},"statements":{"total":429,"covered":0,"skipped":0,"pct":0},"branches":{"total":1,"covered":0,"skipped":0,"pct":0}}
,"D:\\Nuxt Projects\\new-portfolio\\client\\components\\agents\\TemplateSelector.tsx": {"lines":{"total":314,"covered":0,"skipped":0,"pct":0},"functions":{"total":1,"covered":0,"skipped":0,"pct":0},"statements":{"total":314,"covered":0,"skipped":0,"pct":0},"branches":{"total":1,"covered":0,"skipped":0,"pct":0}}
,"D:\\Nuxt Projects\\new-portfolio\\client\\components\\agents\\WorkflowBuilder.tsx": {"lines":{"total":233,"covered":0,"skipped":0,"pct":0},"functions":{"total":1,"covered":0,"skipped":0,"pct":0},"statements":{"total":233,"covered":0,"skipped":0,"pct":0},"branches":{"total":1,"covered":0,"skipped":0,"pct":0}}
,"D:\\Nuxt Projects\\new-portfolio\\client\\components\\ui\\accordion.tsx": {"lines":{"total":52,"covered":0,"skipped":0,"pct":0},"functions":{"total":1,"covered":0,"skipped":0,"pct":0},"statements":{"total":52,"covered":0,"skipped":0,"pct":0},"branches":{"total":1,"covered":0,"skipped":0,"pct":0}}
,"D:\\Nuxt Projects\\new-portfolio\\client\\components\\ui\\alert-dialog.tsx": {"lines":{"total":115,"covered":0,"skipped":0,"pct":0},"functions":{"total":1,"covered":0,"skipped":0,"pct":0},"statements":{"total":115,"covered":0,"skipped":0,"pct":0},"branches":{"total":1,"covered":0,"skipped":0,"pct":0}}
,"D:\\Nuxt Projects\\new-portfolio\\client\\components\\ui\\alert.tsx": {"lines":{"total":49,"covered":0,"skipped":0,"pct":0},"functions":{"total":1,"covered":0,"skipped":0,"pct":0},"statements":{"total":49,"covered":0,"skipped":0,"pct":0},"branches":{"total":1,"covered":0,"skipped":0,"pct":0}}
,"D:\\Nuxt Projects\\new-portfolio\\client\\components\\ui\\aspect-ratio.tsx": {"lines":{"total":5,"covered":0,"skipped":0,"pct":0},"functions":{"total":1,"covered":0,"skipped":0,"pct":0},"statements":{"total":5,"covered":0,"skipped":0,"pct":0},"branches":{"total":1,"covered":0,"skipped":0,"pct":0}}
,"D:\\Nuxt Projects\\new-portfolio\\client\\components\\ui\\avatar.tsx": {"lines":{"total":45,"covered":0,"skipped":0,"pct":0},"functions":{"total":1,"covered":0,"skipped":0,"pct":0},"statements":{"total":45,"covered":0,"skipped":0,"pct":0},"branches":{"total":1,"covered":0,"skipped":0,"pct":0}}
,"D:\\Nuxt Projects\\new-portfolio\\client\\components\\ui\\badge.tsx": {"lines":{"total":22,"covered":22,"skipped":0,"pct":100},"functions":{"total":1,"covered":1,"skipped":0,"pct":100},"statements":{"total":22,"covered":22,"skipped":0,"pct":100},"branches":{"total":1,"covered":1,"skipped":0,"pct":100}}
,"D:\\Nuxt Projects\\new-portfolio\\client\\components\\ui\\breadcrumb.tsx": {"lines":{"total":99,"covered":0,"skipped":0,"pct":0},"functions":{"total":1,"covered":0,"skipped":0,"pct":0},"statements":{"total":99,"covered":0,"skipped":0,"pct":0},"branches":{"total":1,"covered":0,"skipped":0,"pct":0}}
,"D:\\Nuxt Projects\\new-portfolio\\client\\components\\ui\\button.tsx": {"lines":{"total":35,"covered":35,"skipped":0,"pct":100},"functions":{"total":0,"covered":0,"skipped":0,"pct":100},"statements":{"total":35,"covered":35,"skipped":0,"pct":100},"branches":{"total":3,"covered":3,"skipped":0,"pct":100}}
,"D:\\Nuxt Projects\\new-portfolio\\client\\components\\ui\\calendar.tsx": {"lines":{"total":61,"covered":0,"skipped":0,"pct":0},"functions":{"total":1,"covered":0,"skipped":0,"pct":0},"statements":{"total":61,"covered":0,"skipped":0,"pct":0},"branches":{"total":1,"covered":0,"skipped":0,"pct":0}}
,"D:\\Nuxt Projects\\new-portfolio\\client\\components\\ui\\card.tsx": {"lines":{"total":32,"covered":32,"skipped":0,"pct":100},"functions":{"total":0,"covered":0,"skipped":0,"pct":100},"statements":{"total":32,"covered":32,"skipped":0,"pct":100},"branches":{"total":0,"covered":0,"skipped":0,"pct":100}}
,"D:\\Nuxt Projects\\new-portfolio\\client\\components\\ui\\carousel.tsx": {"lines":{"total":237,"covered":0,"skipped":0,"pct":0},"functions":{"total":1,"covered":0,"skipped":0,"pct":0},"statements":{"total":237,"covered":0,"skipped":0,"pct":0},"branches":{"total":1,"covered":0,"skipped":0,"pct":0}}
,"D:\\Nuxt Projects\\new-portfolio\\client\\components\\ui\\chart.tsx": {"lines":{"total":327,"covered":0,"skipped":0,"pct":0},"functions":{"total":1,"covered":0,"skipped":0,"pct":0},"statements":{"total":327,"covered":0,"skipped":0,"pct":0},"branches":{"total":1,"covered":0,"skipped":0,"pct":0}}
,"D:\\Nuxt Projects\\new-portfolio\\client\\components\\ui\\checkbox.tsx": {"lines":{"total":26,"covered":0,"skipped":0,"pct":0},"functions":{"total":1,"covered":0,"skipped":0,"pct":0},"statements":{"total":26,"covered":0,"skipped":0,"pct":0},"branches":{"total":1,"covered":0,"skipped":0,"pct":0}}
,"D:\\Nuxt Projects\\new-portfolio\\client\\components\\ui\\collapsible.tsx": {"lines":{"total":9,"covered":0,"skipped":0,"pct":0},"functions":{"total":1,"covered":0,"skipped":0,"pct":0},"statements":{"total":9,"covered":0,"skipped":0,"pct":0},"branches":{"total":1,"covered":0,"skipped":0,"pct":0}}
,"D:\\Nuxt Projects\\new-portfolio\\client\\components\\ui\\command.tsx": {"lines":{"total":143,"covered":0,"skipped":0,"pct":0},"functions":{"total":1,"covered":0,"skipped":0,"pct":0},"statements":{"total":143,"covered":0,"skipped":0,"pct":0},"branches":{"total":1,"covered":0,"skipped":0,"pct":0}}
,"D:\\Nuxt Projects\\new-portfolio\\client\\components\\ui\\context-menu.tsx": {"lines":{"total":187,"covered":0,"skipped":0,"pct":0},"functions":{"total":1,"covered":0,"skipped":0,"pct":0},"statements":{"total":187,"covered":0,"skipped":0,"pct":0},"branches":{"total":1,"covered":0,"skipped":0,"pct":0}}
,"D:\\Nuxt Projects\\new-portfolio\\client\\components\\ui\\dialog.tsx": {"lines":{"total":102,"covered":0,"skipped":0,"pct":0},"functions":{"total":1,"covered":0,"skipped":0,"pct":0},"statements":{"total":102,"covered":0,"skipped":0,"pct":0},"branches":{"total":1,"covered":0,"skipped":0,"pct":0}}
,"D:\\Nuxt Projects\\new-portfolio\\client\\components\\ui\\drawer.tsx": {"lines":{"total":98,"covered":0,"skipped":0,"pct":0},"functions":{"total":1,"covered":0,"skipped":0,"pct":0},"statements":{"total":98,"covered":0,"skipped":0,"pct":0},"branches":{"total":1,"covered":0,"skipped":0,"pct":0}}
,"D:\\Nuxt Projects\\new-portfolio\\client\\components\\ui\\dropdown-menu.tsx": {"lines":{"total":98,"covered":95,"skipped":0,"pct":96.93},"functions":{"total":1,"covered":0,"skipped":0,"pct":0},"statements":{"total":98,"covered":95,"skipped":0,"pct":96.93},"branches":{"total":0,"covered":0,"skipped":0,"pct":100}}
,"D:\\Nuxt Projects\\new-portfolio\\client\\components\\ui\\form.tsx": {"lines":{"total":167,"covered":0,"skipped":0,"pct":0},"functions":{"total":1,"covered":0,"skipped":0,"pct":0},"statements":{"total":167,"covered":0,"skipped":0,"pct":0},"branches":{"total":1,"covered":0,"skipped":0,"pct":0}}
,"D:\\Nuxt Projects\\new-portfolio\\client\\components\\ui\\hover-card.tsx": {"lines":{"total":27,"covered":0,"skipped":0,"pct":0},"functions":{"total":1,"covered":0,"skipped":0,"pct":0},"statements":{"total":27,"covered":0,"skipped":0,"pct":0},"branches":{"total":1,"covered":0,"skipped":0,"pct":0}}
,"D:\\Nuxt Projects\\new-portfolio\\client\\components\\ui\\input-otp.tsx": {"lines":{"total":69,"covered":0,"skipped":0,"pct":0},"functions":{"total":1,"covered":0,"skipped":0,"pct":0},"statements":{"total":69,"covered":0,"skipped":0,"pct":0},"branches":{"total":1,"covered":0,"skipped":0,"pct":0}}
,"D:\\Nuxt Projects\\new-portfolio\\client\\components\\ui\\input.tsx": {"lines":{"total":14,"covered":14,"skipped":0,"pct":100},"functions":{"total":0,"covered":0,"skipped":0,"pct":100},"statements":{"total":14,"covered":14,"skipped":0,"pct":100},"branches":{"total":1,"covered":1,"skipped":0,"pct":100}}
,"D:\\Nuxt Projects\\new-portfolio\\client\\components\\ui\\label.tsx": {"lines":{"total":10,"covered":10,"skipped":0,"pct":100},"functions":{"total":0,"covered":0,"skipped":0,"pct":100},"statements":{"total":10,"covered":10,"skipped":0,"pct":100},"branches":{"total":0,"covered":0,"skipped":0,"pct":100}}
,"D:\\Nuxt Projects\\new-portfolio\\client\\components\\ui\\menubar.tsx": {"lines":{"total":219,"covered":0,"skipped":0,"pct":0},"functions":{"total":1,"covered":0,"skipped":0,"pct":0},"statements":{"total":219,"covered":0,"skipped":0,"pct":0},"branches":{"total":1,"covered":0,"skipped":0,"pct":0}}
,"D:\\Nuxt Projects\\new-portfolio\\client\\components\\ui\\navigation-menu.tsx": {"lines":{"total":120,"covered":0,"skipped":0,"pct":0},"functions":{"total":1,"covered":0,"skipped":0,"pct":0},"statements":{"total":120,"covered":0,"skipped":0,"pct":0},"branches":{"total":1,"covered":0,"skipped":0,"pct":0}}
,"D:\\Nuxt Projects\\new-portfolio\\client\\components\\ui\\pagination.tsx": {"lines":{"total":97,"covered":0,"skipped":0,"pct":0},"functions":{"total":1,"covered":0,"skipped":0,"pct":0},"statements":{"total":97,"covered":0,"skipped":0,"pct":0},"branches":{"total":1,"covered":0,"skipped":0,"pct":0}}
,"D:\\Nuxt Projects\\new-portfolio\\client\\components\\ui\\popover.tsx": {"lines":{"total":29,"covered":0,"skipped":0,"pct":0},"functions":{"total":1,"covered":0,"skipped":0,"pct":0},"statements":{"total":29,"covered":0,"skipped":0,"pct":0},"branches":{"total":1,"covered":0,"skipped":0,"pct":0}}
,"D:\\Nuxt Projects\\new-portfolio\\client\\components\\ui\\progress.tsx": {"lines":{"total":15,"covered":15,"skipped":0,"pct":100},"functions":{"total":0,"covered":0,"skipped":0,"pct":100},"statements":{"total":15,"covered":15,"skipped":0,"pct":100},"branches":{"total":1,"covered":1,"skipped":0,"pct":100}}
,"D:\\Nuxt Projects\\new-portfolio\\client\\components\\ui\\radio-group.tsx": {"lines":{"total":22,"covered":22,"skipped":0,"pct":100},"functions":{"total":0,"covered":0,"skipped":0,"pct":100},"statements":{"total":22,"covered":22,"skipped":0,"pct":100},"branches":{"total":2,"covered":2,"skipped":0,"pct":100}}
,"D:\\Nuxt Projects\\new-portfolio\\client\\components\\ui\\resizable.tsx": {"lines":{"total":40,"covered":0,"skipped":0,"pct":0},"functions":{"total":1,"covered":0,"skipped":0,"pct":0},"statements":{"total":40,"covered":0,"skipped":0,"pct":0},"branches":{"total":1,"covered":0,"skipped":0,"pct":0}}
,"D:\\Nuxt Projects\\new-portfolio\\client\\components\\ui\\scroll-area.tsx": {"lines":{"total":44,"covered":0,"skipped":0,"pct":0},"functions":{"total":1,"covered":0,"skipped":0,"pct":0},"statements":{"total":44,"covered":0,"skipped":0,"pct":0},"branches":{"total":1,"covered":0,"skipped":0,"pct":0}}
,"D:\\Nuxt Projects\\new-portfolio\\client\\components\\ui\\select.tsx": {"lines":{"total":151,"covered":0,"skipped":0,"pct":0},"functions":{"total":1,"covered":0,"skipped":0,"pct":0},"statements":{"total":151,"covered":0,"skipped":0,"pct":0},"branches":{"total":1,"covered":0,"skipped":0,"pct":0}}
,"D:\\Nuxt Projects\\new-portfolio\\client\\components\\ui\\separator.tsx": {"lines":{"total":15,"covered":15,"skipped":0,"pct":100},"functions":{"total":0,"covered":0,"skipped":0,"pct":100},"statements":{"total":15,"covered":15,"skipped":0,"pct":100},"branches":{"total":2,"covered":2,"skipped":0,"pct":100}}
,"D:\\Nuxt Projects\\new-portfolio\\client\\components\\ui\\sheet.tsx": {"lines":{"total":119,"covered":0,"skipped":0,"pct":0},"functions":{"total":1,"covered":0,"skipped":0,"pct":0},"statements":{"total":119,"covered":0,"skipped":0,"pct":0},"branches":{"total":1,"covered":0,"skipped":0,"pct":0}}
,"D:\\Nuxt Projects\\new-portfolio\\client\\components\\ui\\sidebar.tsx": {"lines":{"total":751,"covered":0,"skipped":0,"pct":0},"functions":{"total":1,"covered":0,"skipped":0,"pct":0},"statements":{"total":751,"covered":0,"skipped":0,"pct":0},"branches":{"total":1,"covered":0,"skipped":0,"pct":0}}
,"D:\\Nuxt Projects\\new-portfolio\\client\\components\\ui\\skeleton.tsx": {"lines":{"total":7,"covered":0,"skipped":0,"pct":0},"functions":{"total":1,"covered":0,"skipped":0,"pct":0},"statements":{"total":7,"covered":0,"skipped":0,"pct":0},"branches":{"total":1,"covered":0,"skipped":0,"pct":0}}
,"D:\\Nuxt Projects\\new-portfolio\\client\\components\\ui\\slider.tsx": {"lines":{"total":23,"covered":0,"skipped":0,"pct":0},"functions":{"total":1,"covered":0,"skipped":0,"pct":0},"statements":{"total":23,"covered":0,"skipped":0,"pct":0},"branches":{"total":1,"covered":0,"skipped":0,"pct":0}}
,"D:\\Nuxt Projects\\new-portfolio\\client\\components\\ui\\sonner.tsx": {"lines":{"total":28,"covered":0,"skipped":0,"pct":0},"functions":{"total":1,"covered":0,"skipped":0,"pct":0},"statements":{"total":28,"covered":0,"skipped":0,"pct":0},"branches":{"total":1,"covered":0,"skipped":0,"pct":0}}
,"D:\\Nuxt Projects\\new-portfolio\\client\\components\\ui\\switch.tsx": {"lines":{"total":15,"covered":15,"skipped":0,"pct":100},"functions":{"total":0,"covered":0,"skipped":0,"pct":100},"statements":{"total":15,"covered":15,"skipped":0,"pct":100},"branches":{"total":0,"covered":0,"skipped":0,"pct":100}}
,"D:\\Nuxt Projects\\new-portfolio\\client\\components\\ui\\table.tsx": {"lines":{"total":91,"covered":0,"skipped":0,"pct":0},"functions":{"total":1,"covered":0,"skipped":0,"pct":0},"statements":{"total":91,"covered":0,"skipped":0,"pct":0},"branches":{"total":1,"covered":0,"skipped":0,"pct":0}}
,"D:\\Nuxt Projects\\new-portfolio\\client\\components\\ui\\tabs.tsx": {"lines":{"total":31,"covered":31,"skipped":0,"pct":100},"functions":{"total":0,"covered":0,"skipped":0,"pct":100},"statements":{"total":31,"covered":31,"skipped":0,"pct":100},"branches":{"total":0,"covered":0,"skipped":0,"pct":100}}
,"D:\\Nuxt Projects\\new-portfolio\\client\\components\\ui\\textarea.tsx": {"lines":{"total":13,"covered":13,"skipped":0,"pct":100},"functions":{"total":0,"covered":0,"skipped":0,"pct":100},"statements":{"total":13,"covered":13,"skipped":0,"pct":100},"branches":{"total":1,"covered":1,"skipped":0,"pct":100}}
,"D:\\Nuxt Projects\\new-portfolio\\client\\components\\ui\\toast.tsx": {"lines":{"total":122,"covered":0,"skipped":0,"pct":0},"functions":{"total":1,"covered":0,"skipped":0,"pct":0},"statements":{"total":122,"covered":0,"skipped":0,"pct":0},"branches":{"total":1,"covered":0,"skipped":0,"pct":0}}
,"D:\\Nuxt Projects\\new-portfolio\\client\\components\\ui\\toaster.tsx": {"lines":{"total":29,"covered":0,"skipped":0,"pct":0},"functions":{"total":1,"covered":0,"skipped":0,"pct":0},"statements":{"total":29,"covered":0,"skipped":0,"pct":0},"branches":{"total":1,"covered":0,"skipped":0,"pct":0}}
,"D:\\Nuxt Projects\\new-portfolio\\client\\components\\ui\\toggle-group.tsx": {"lines":{"total":55,"covered":0,"skipped":0,"pct":0},"functions":{"total":1,"covered":0,"skipped":0,"pct":0},"statements":{"total":55,"covered":0,"skipped":0,"pct":0},"branches":{"total":1,"covered":0,"skipped":0,"pct":0}}
,"D:\\Nuxt Projects\\new-portfolio\\client\\components\\ui\\toggle.tsx": {"lines":{"total":41,"covered":0,"skipped":0,"pct":0},"functions":{"total":1,"covered":0,"skipped":0,"pct":0},"statements":{"total":41,"covered":0,"skipped":0,"pct":0},"branches":{"total":1,"covered":0,"skipped":0,"pct":0}}
,"D:\\Nuxt Projects\\new-portfolio\\client\\components\\ui\\tooltip.tsx": {"lines":{"total":28,"covered":0,"skipped":0,"pct":0},"functions":{"total":1,"covered":0,"skipped":0,"pct":0},"statements":{"total":28,"covered":0,"skipped":0,"pct":0},"branches":{"total":1,"covered":0,"skipped":0,"pct":0}}
,"D:\\Nuxt Projects\\new-portfolio\\client\\components\\ui\\use-toast.ts": {"lines":{"total":3,"covered":0,"skipped":0,"pct":0},"functions":{"total":1,"covered":0,"skipped":0,"pct":0},"statements":{"total":3,"covered":0,"skipped":0,"pct":0},"branches":{"total":1,"covered":0,"skipped":0,"pct":0}}
,"D:\\Nuxt Projects\\new-portfolio\\client\\data\\agentTemplates.ts": {"lines":{"total":557,"covered":0,"skipped":0,"pct":0},"functions":{"total":1,"covered":0,"skipped":0,"pct":0},"statements":{"total":557,"covered":0,"skipped":0,"pct":0},"branches":{"total":1,"covered":0,"skipped":0,"pct":0}}
,"D:\\Nuxt Projects\\new-portfolio\\client\\hooks\\use-mobile.tsx": {"lines":{"total":21,"covered":0,"skipped":0,"pct":0},"functions":{"total":1,"covered":0,"skipped":0,"pct":0},"statements":{"total":21,"covered":0,"skipped":0,"pct":0},"branches":{"total":1,"covered":0,"skipped":0,"pct":0}}
,"D:\\Nuxt Projects\\new-portfolio\\client\\hooks\\use-toast.ts": {"lines":{"total":184,"covered":0,"skipped":0,"pct":0},"functions":{"total":1,"covered":0,"skipped":0,"pct":0},"statements":{"total":184,"covered":0,"skipped":0,"pct":0},"branches":{"total":1,"covered":0,"skipped":0,"pct":0}}
,"D:\\Nuxt Projects\\new-portfolio\\client\\hooks\\useAgentRealtime.ts": {"lines":{"total":164,"covered":0,"skipped":0,"pct":0},"functions":{"total":1,"covered":0,"skipped":0,"pct":0},"statements":{"total":164,"covered":0,"skipped":0,"pct":0},"branches":{"total":1,"covered":0,"skipped":0,"pct":0}}
,"D:\\Nuxt Projects\\new-portfolio\\client\\hooks\\useDeviceType.ts": {"lines":{"total":70,"covered":65,"skipped":0,"pct":92.85},"functions":{"total":4,"covered":4,"skipped":0,"pct":100},"statements":{"total":70,"covered":65,"skipped":0,"pct":92.85},"branches":{"total":17,"covered":16,"skipped":0,"pct":94.11}}
,"D:\\Nuxt Projects\\new-portfolio\\client\\hooks\\useLazyImage.ts": {"lines":{"total":42,"covered":36,"skipped":0,"pct":85.71},"functions":{"total":4,"covered":3,"skipped":0,"pct":75},"statements":{"total":42,"covered":36,"skipped":0,"pct":85.71},"branches":{"total":8,"covered":8,"skipped":0,"pct":100}}
,"D:\\Nuxt Projects\\new-portfolio\\client\\hooks\\usePWA.ts": {"lines":{"total":58,"covered":54,"skipped":0,"pct":93.1},"functions":{"total":5,"covered":4,"skipped":0,"pct":80},"statements":{"total":58,"covered":54,"skipped":0,"pct":93.1},"branches":{"total":8,"covered":6,"skipped":0,"pct":75}}
,"D:\\Nuxt Projects\\new-portfolio\\client\\hooks\\usePerformanceMonitoring.ts": {"lines":{"total":133,"covered":0,"skipped":0,"pct":0},"functions":{"total":1,"covered":0,"skipped":0,"pct":0},"statements":{"total":133,"covered":0,"skipped":0,"pct":0},"branches":{"total":1,"covered":0,"skipped":0,"pct":0}}
,"D:\\Nuxt Projects\\new-portfolio\\client\\hooks\\usePushNotifications.ts": {"lines":{"total":120,"covered":30,"skipped":0,"pct":25},"functions":{"total":6,"covered":1,"skipped":0,"pct":16.66},"statements":{"total":120,"covered":30,"skipped":0,"pct":25},"branches":{"total":5,"covered":2,"skipped":0,"pct":40}}
,"D:\\Nuxt Projects\\new-portfolio\\client\\hooks\\useScrollAnimation.ts": {"lines":{"total":24,"covered":24,"skipped":0,"pct":100},"functions":{"total":2,"covered":2,"skipped":0,"pct":100},"statements":{"total":24,"covered":24,"skipped":0,"pct":100},"branches":{"total":6,"covered":6,"skipped":0,"pct":100}}
,"D:\\Nuxt Projects\\new-portfolio\\client\\hooks\\useSocket.ts": {"lines":{"total":109,"covered":0,"skipped":0,"pct":0},"functions":{"total":1,"covered":0,"skipped":0,"pct":0},"statements":{"total":109,"covered":0,"skipped":0,"pct":0},"branches":{"total":1,"covered":0,"skipped":0,"pct":0}}
,"D:\\Nuxt Projects\\new-portfolio\\client\\hooks\\useTypingIndicator.ts": {"lines":{"total":106,"covered":0,"skipped":0,"pct":0},"functions":{"total":1,"covered":0,"skipped":0,"pct":0},"statements":{"total":106,"covered":0,"skipped":0,"pct":0},"branches":{"total":1,"covered":0,"skipped":0,"pct":0}}
,"D:\\Nuxt Projects\\new-portfolio\\client\\hooks\\useVoiceCommands.ts": {"lines":{"total":376,"covered":0,"skipped":0,"pct":0},"functions":{"total":1,"covered":0,"skipped":0,"pct":0},"statements":{"total":376,"covered":0,"skipped":0,"pct":0},"branches":{"total":1,"covered":0,"skipped":0,"pct":0}}
,"D:\\Nuxt Projects\\new-portfolio\\client\\lib\\agentExecutor.ts": {"lines":{"total":173,"covered":0,"skipped":0,"pct":0},"functions":{"total":1,"covered":0,"skipped":0,"pct":0},"statements":{"total":173,"covered":0,"skipped":0,"pct":0},"branches":{"total":1,"covered":0,"skipped":0,"pct":0}}
,"D:\\Nuxt Projects\\new-portfolio\\client\\lib\\aiService.ts": {"lines":{"total":208,"covered":0,"skipped":0,"pct":0},"functions":{"total":1,"covered":0,"skipped":0,"pct":0},"statements":{"total":208,"covered":0,"skipped":0,"pct":0},"branches":{"total":1,"covered":0,"skipped":0,"pct":0}}
,"D:\\Nuxt Projects\\new-portfolio\\client\\lib\\api.ts": {"lines":{"total":159,"covered":129,"skipped":0,"pct":81.13},"functions":{"total":14,"covered":10,"skipped":0,"pct":71.42},"statements":{"total":159,"covered":129,"skipped":0,"pct":81.13},"branches":{"total":25,"covered":17,"skipped":0,"pct":68}}
,"D:\\Nuxt Projects\\new-portfolio\\client\\lib\\firebase.ts": {"lines":{"total":36,"covered":0,"skipped":0,"pct":0},"functions":{"total":1,"covered":0,"skipped":0,"pct":0},"statements":{"total":36,"covered":0,"skipped":0,"pct":0},"branches":{"total":1,"covered":0,"skipped":0,"pct":0}}
,"D:\\Nuxt Projects\\new-portfolio\\client\\lib\\linkPreviewService.ts": {"lines":{"total":335,"covered":0,"skipped":0,"pct":0},"functions":{"total":1,"covered":0,"skipped":0,"pct":0},"statements":{"total":335,"covered":0,"skipped":0,"pct":0},"branches":{"total":1,"covered":0,"skipped":0,"pct":0}}
,"D:\\Nuxt Projects\\new-portfolio\\client\\lib\\sentry.ts": {"lines":{"total":97,"covered":17,"skipped":0,"pct":17.52},"functions":{"total":8,"covered":0,"skipped":0,"pct":0},"statements":{"total":97,"covered":17,"skipped":0,"pct":17.52},"branches":{"total":0,"covered":0,"skipped":0,"pct":100}}
,"D:\\Nuxt Projects\\new-portfolio\\client\\lib\\sitemap.ts": {"lines":{"total":296,"covered":285,"skipped":0,"pct":96.28},"functions":{"total":19,"covered":13,"skipped":0,"pct":68.42},"statements":{"total":296,"covered":285,"skipped":0,"pct":96.28},"branches":{"total":28,"covered":26,"skipped":0,"pct":92.85}}
,"D:\\Nuxt Projects\\new-portfolio\\client\\lib\\socket.ts": {"lines":{"total":91,"covered":0,"skipped":0,"pct":0},"functions":{"total":1,"covered":0,"skipped":0,"pct":0},"statements":{"total":91,"covered":0,"skipped":0,"pct":0},"branches":{"total":1,"covered":0,"skipped":0,"pct":0}}
,"D:\\Nuxt Projects\\new-portfolio\\client\\lib\\utils.ts": {"lines":{"total":5,"covered":5,"skipped":0,"pct":100},"functions":{"total":1,"covered":1,"skipped":0,"pct":100},"statements":{"total":5,"covered":5,"skipped":0,"pct":100},"branches":{"total":1,"covered":1,"skipped":0,"pct":100}}
,"D:\\Nuxt Projects\\new-portfolio\\client\\pages\\About.tsx": {"lines":{"total":126,"covered":126,"skipped":0,"pct":100},"functions":{"total":1,"covered":1,"skipped":0,"pct":100},"statements":{"total":126,"covered":126,"skipped":0,"pct":100},"branches":{"total":1,"covered":1,"skipped":0,"pct":100}}
,"D:\\Nuxt Projects\\new-portfolio\\client\\pages\\Agents.tsx": {"lines":{"total":156,"covered":149,"skipped":0,"pct":95.51},"functions":{"total":10,"covered":6,"skipped":0,"pct":60},"statements":{"total":156,"covered":149,"skipped":0,"pct":95.51},"branches":{"total":12,"covered":11,"skipped":0,"pct":91.66}}
,"D:\\Nuxt Projects\\new-portfolio\\client\\pages\\Contact.tsx": {"lines":{"total":335,"covered":328,"skipped":0,"pct":97.91},"functions":{"total":3,"covered":3,"skipped":0,"pct":100},"statements":{"total":335,"covered":328,"skipped":0,"pct":97.91},"branches":{"total":27,"covered":24,"skipped":0,"pct":88.88}}
,"D:\\Nuxt Projects\\new-portfolio\\client\\pages\\Index.tsx": {"lines":{"total":253,"covered":253,"skipped":0,"pct":100},"functions":{"total":1,"covered":1,"skipped":0,"pct":100},"statements":{"total":253,"covered":253,"skipped":0,"pct":100},"branches":{"total":1,"covered":1,"skipped":0,"pct":100}}
,"D:\\Nuxt Projects\\new-portfolio\\client\\pages\\NotFound.tsx": {"lines":{"total":22,"covered":22,"skipped":0,"pct":100},"functions":{"total":1,"covered":1,"skipped":0,"pct":100},"statements":{"total":22,"covered":22,"skipped":0,"pct":100},"branches":{"total":2,"covered":2,"skipped":0,"pct":100}}
,"D:\\Nuxt Projects\\new-portfolio\\client\\pages\\Performance.tsx": {"lines":{"total":344,"covered":255,"skipped":0,"pct":74.12},"functions":{"total":5,"covered":2,"skipped":0,"pct":40},"statements":{"total":344,"covered":255,"skipped":0,"pct":74.12},"branches":{"total":11,"covered":8,"skipped":0,"pct":72.72}}
,"D:\\Nuxt Projects\\new-portfolio\\client\\pages\\Product.tsx": {"lines":{"total":159,"covered":159,"skipped":0,"pct":100},"functions":{"total":1,"covered":1,"skipped":0,"pct":100},"statements":{"total":159,"covered":159,"skipped":0,"pct":100},"branches":{"total":1,"covered":1,"skipped":0,"pct":100}}
,"D:\\Nuxt Projects\\new-portfolio\\client\\pages\\Projects.tsx": {"lines":{"total":97,"covered":97,"skipped":0,"pct":100},"functions":{"total":1,"covered":1,"skipped":0,"pct":100},"statements":{"total":97,"covered":97,"skipped":0,"pct":100},"branches":{"total":5,"covered":5,"skipped":0,"pct":100}}
,"D:\\Nuxt Projects\\new-portfolio\\client\\pages\\Resume.tsx": {"lines":{"total":587,"covered":552,"skipped":0,"pct":94.03},"functions":{"total":41,"covered":19,"skipped":0,"pct":46.34},"statements":{"total":587,"covered":552,"skipped":0,"pct":94.03},"branches":{"total":46,"covered":42,"skipped":0,"pct":91.3}}
,"D:\\Nuxt Projects\\new-portfolio\\client\\pages\\Settings.tsx": {"lines":{"total":212,"covered":170,"skipped":0,"pct":80.18},"functions":{"total":6,"covered":6,"skipped":0,"pct":100},"statements":{"total":212,"covered":170,"skipped":0,"pct":80.18},"branches":{"total":14,"covered":8,"skipped":0,"pct":57.14}}
,"D:\\Nuxt Projects\\new-portfolio\\shared\\api.ts": {"lines":{"total":180,"covered":0,"skipped":0,"pct":0},"functions":{"total":1,"covered":0,"skipped":0,"pct":0},"statements":{"total":180,"covered":0,"skipped":0,"pct":0},"branches":{"total":1,"covered":0,"skipped":0,"pct":0}}
}
